[Fri 20 Oct 2023 08:56:44 PM MSK][legendary.nvim] setup() parsed and applied all configuration.
[Fri 20 Oct 2023 08:56:30 PM MSK][legendary.nvim] setup() parsed and applied all configuration.
[Fri 20 Oct 2023 08:56:19 PM MSK][legendary.nvim] setup() parsed and applied all configuration.
[Fri 20 Oct 2023 08:55:47 PM MSK][legendary.nvim] setup() parsed and applied all configuration.
[Fri 20 Oct 2023 08:55:28 PM MSK][legendary.nvim] setup() parsed and applied all configuration.
[Fri 20 Oct 2023 08:51:41 PM MSK][legendary.nvim] setup() parsed and applied all configuration.
[Fri 20 Oct 2023 08:50:59 PM MSK][legendary.nvim] setup() parsed and applied all configuration.
[Fri 20 Oct 2023 08:49:57 PM MSK][legendary.nvim] setup() parsed and applied all configuration.
[Fri 20 Oct 2023 08:48:59 PM MSK][legendary.nvim] setup() parsed and applied all configuration.
[Fri 20 Oct 2023 08:48:33 PM MSK][legendary.nvim] setup() parsed and applied all configuration.
[Fri 20 Oct 2023 08:48:02 PM MSK][legendary.nvim] setup() parsed and applied all configuration.
[Fri 20 Oct 2023 08:47:55 PM MSK][legendary.nvim] setup() parsed and applied all configuration.
[Fri 20 Oct 2023 08:47:02 PM MSK][legendary.nvim] setup() parsed and applied all configuration.
[Fri 20 Oct 2023 08:46:42 PM MSK][legendary.nvim] setup() parsed and applied all configuration.
[Fri 20 Oct 2023 08:46:04 PM MSK][legendary.nvim] setup() parsed and applied all configuration.
[Fri 20 Oct 2023 08:41:50 PM MSK][legendary.nvim] setup() parsed and applied all configuration.
[Fri 20 Oct 2023 08:22:18 PM MSK][legendary.nvim] setup() parsed and applied all configuration.
[Fri 20 Oct 2023 08:18:52 PM MSK][legendary.nvim] setup() parsed and applied all configuration.
[Fri 20 Oct 2023 08:18:19 PM MSK][legendary.nvim] setup() parsed and applied all configuration.
[Fri 20 Oct 2023 08:15:41 PM MSK][legendary.nvim] setup() parsed and applied all configuration.
[Fri 20 Oct 2023 08:13:45 PM MSK][legendary.nvim] setup() parsed and applied all configuration.
[Fri 20 Oct 2023 08:10:59 PM MSK][legendary.nvim] setup() parsed and applied all configuration.
[Fri 20 Oct 2023 08:10:43 PM MSK][legendary.nvim] setup() parsed and applied all configuration.
[Fri 20 Oct 2023 08:03:49 PM MSK][legendary.nvim] setup() parsed and applied all configuration.
[Fri 20 Oct 2023 08:00:44 PM MSK][legendary.nvim] setup() parsed and applied all configuration.
[Fri 20 Oct 2023 08:00:18 PM MSK][legendary.nvim] setup() parsed and applied all configuration.
[Fri 20 Oct 2023 07:56:31 PM MSK][legendary.nvim] setup() parsed and applied all configuration.
[Fri 20 Oct 2023 07:44:05 PM MSK][legendary.nvim] setup() parsed and applied all configuration.
[Fri 20 Oct 2023 07:44:01 PM MSK][legendary.nvim] setup() parsed and applied all configuration.
[Fri 20 Oct 2023 07:43:09 PM MSK][legendary.nvim] setup() parsed and applied all configuration.
[Fri 20 Oct 2023 07:42:32 PM MSK][legendary.nvim] setup() parsed and applied all configuration.
[Fri 20 Oct 2023 07:41:02 PM MSK][legendary.nvim] setup() parsed and applied all configuration.
[Fri 20 Oct 2023 07:38:13 PM MSK][legendary.nvim] setup() parsed and applied all configuration.
[Fri 20 Oct 2023 07:38:06 PM MSK][legendary.nvim] setup() parsed and applied all configuration.
[Fri 20 Oct 2023 07:37:50 PM MSK][legendary.nvim] setup() parsed and applied all configuration.
[Fri 20 Oct 2023 07:37:39 PM MSK][legendary.nvim] setup() parsed and applied all configuration.
[Fri 20 Oct 2023 07:25:30 PM MSK][legendary.nvim] setup() parsed and applied all configuration.
[Fri 20 Oct 2023 07:24:34 PM MSK][legendary.nvim] setup() parsed and applied all configuration.
[Fri 20 Oct 2023 07:22:03 PM MSK][legendary.nvim] setup() parsed and applied all configuration.
[Fri 20 Oct 2023 07:21:04 PM MSK][legendary.nvim] setup() parsed and applied all configuration.
[Fri 20 Oct 2023 07:20:02 PM MSK][legendary.nvim] setup() parsed and applied all configuration.
[Fri 20 Oct 2023 07:19:53 PM MSK][legendary.nvim] setup() parsed and applied all configuration.
[Fri 20 Oct 2023 07:19:42 PM MSK][legendary.nvim] setup() parsed and applied all configuration.
[Fri 20 Oct 2023 07:19:29 PM MSK][legendary.nvim] setup() parsed and applied all configuration.
[Fri 20 Oct 2023 07:18:51 PM MSK][legendary.nvim] setup() parsed and applied all configuration.
[Fri 20 Oct 2023 07:16:50 PM MSK][legendary.nvim] setup() parsed and applied all configuration.
[Fri 20 Oct 2023 07:16:42 PM MSK][legendary.nvim] setup() parsed and applied all configuration.
[Fri 20 Oct 2023 07:15:33 PM MSK][legendary.nvim] setup() parsed and applied all configuration.
[Fri 20 Oct 2023 07:15:19 PM MSK][legendary.nvim] setup() parsed and applied all configuration.
[Fri 20 Oct 2023 07:14:40 PM MSK][legendary.nvim] setup() parsed and applied all configuration.
[Fri 20 Oct 2023 07:14:27 PM MSK][legendary.nvim] setup() parsed and applied all configuration.
[Fri 20 Oct 2023 07:14:17 PM MSK][legendary.nvim] setup() parsed and applied all configuration.
[Fri 20 Oct 2023 07:14:02 PM MSK][legendary.nvim] setup() parsed and applied all configuration.
[Fri 20 Oct 2023 07:13:47 PM MSK][legendary.nvim] setup() parsed and applied all configuration.
[Fri 20 Oct 2023 07:13:19 PM MSK][legendary.nvim] setup() parsed and applied all configuration.
[Fri 20 Oct 2023 07:12:12 PM MSK][legendary.nvim] setup() parsed and applied all configuration.
[Fri 20 Oct 2023 07:12:08 PM MSK][legendary.nvim] setup() parsed and applied all configuration.
[Fri 20 Oct 2023 07:10:10 PM MSK][legendary.nvim] setup() parsed and applied all configuration.
[Fri 20 Oct 2023 07:09:40 PM MSK][legendary.nvim] setup() parsed and applied all configuration.
[Fri 20 Oct 2023 07:08:43 PM MSK][legendary.nvim] setup() parsed and applied all configuration.
[Fri 20 Oct 2023 07:07:29 PM MSK][legendary.nvim] setup() parsed and applied all configuration.
[Fri 20 Oct 2023 07:06:26 PM MSK][legendary.nvim] setup() parsed and applied all configuration.
[Fri 20 Oct 2023 07:06:03 PM MSK][legendary.nvim] setup() parsed and applied all configuration.
[Fri 20 Oct 2023 06:46:48 PM MSK][legendary.nvim] setup() parsed and applied all configuration.
[Fri 20 Oct 2023 06:46:28 PM MSK][legendary.nvim] setup() parsed and applied all configuration.
[Fri 20 Oct 2023 06:45:51 PM MSK][legendary.nvim] setup() parsed and applied all configuration.
[Fri 20 Oct 2023 06:43:54 PM MSK][legendary.nvim] setup() parsed and applied all configuration.
[Fri 20 Oct 2023 06:43:26 PM MSK][legendary.nvim] setup() parsed and applied all configuration.
[Fri 20 Oct 2023 06:36:46 PM MSK][legendary.nvim] setup() parsed and applied all configuration.
[Fri 20 Oct 2023 06:36:13 PM MSK][legendary.nvim] setup() parsed and applied all configuration.
[Fri 20 Oct 2023 06:35:24 PM MSK][legendary.nvim] setup() parsed and applied all configuration.
[Fri 20 Oct 2023 06:35:08 PM MSK][legendary.nvim] setup() parsed and applied all configuration.
[Fri 20 Oct 2023 06:33:29 PM MSK][legendary.nvim] setup() parsed and applied all configuration.
[Fri 20 Oct 2023 06:32:57 PM MSK][legendary.nvim] setup() parsed and applied all configuration.
[Fri 20 Oct 2023 06:32:11 PM MSK][legendary.nvim] setup() parsed and applied all configuration.
[Fri 20 Oct 2023 06:31:01 PM MSK][legendary.nvim] setup() parsed and applied all configuration.
[Fri 20 Oct 2023 06:29:09 PM MSK][legendary.nvim] setup() parsed and applied all configuration.
[Fri 20 Oct 2023 06:28:33 PM MSK][legendary.nvim] setup() parsed and applied all configuration.
[Fri 20 Oct 2023 06:24:23 PM MSK][legendary.nvim] setup() parsed and applied all configuration.
[Fri 20 Oct 2023 06:23:55 PM MSK][legendary.nvim] setup() parsed and applied all configuration.
[Fri 20 Oct 2023 06:23:27 PM MSK][legendary.nvim] setup() parsed and applied all configuration.
[Fri 20 Oct 2023 06:21:14 PM MSK][legendary.nvim] setup() parsed and applied all configuration.
[Fri 20 Oct 2023 06:15:54 PM MSK][legendary.nvim] setup() parsed and applied all configuration.
[Fri 20 Oct 2023 06:09:10 PM MSK][legendary.nvim] setup() parsed and applied all configuration.
[Fri 20 Oct 2023 06:08:04 PM MSK][legendary.nvim] setup() parsed and applied all configuration.
[Fri 20 Oct 2023 07:37:07 AM MSK][legendary.nvim] setup() parsed and applied all configuration.
[Fri 20 Oct 2023 07:15:04 AM MSK][legendary.nvim] setup() parsed and applied all configuration.
[Thu 19 Oct 2023 09:41:57 PM MSK][legendary.nvim] setup() parsed and applied all configuration.
[Thu 19 Oct 2023 09:40:48 PM MSK][legendary.nvim] setup() parsed and applied all configuration.
[Thu 19 Oct 2023 09:36:54 PM MSK][legendary.nvim] setup() parsed and applied all configuration.
[Thu 19 Oct 2023 09:36:46 PM MSK][legendary.nvim] setup() parsed and applied all configuration.
[Thu 19 Oct 2023 09:35:55 PM MSK][legendary.nvim] setup() parsed and applied all configuration.
[Thu 19 Oct 2023 09:35:20 PM MSK][legendary.nvim] setup() parsed and applied all configuration.
[Thu 19 Oct 2023 09:34:43 PM MSK][legendary.nvim] setup() parsed and applied all configuration.
[Thu 19 Oct 2023 09:34:35 PM MSK][legendary.nvim] setup() parsed and applied all configuration.
[Thu 19 Oct 2023 09:34:18 PM MSK][legendary.nvim] setup() parsed and applied all configuration.
[Thu 19 Oct 2023 09:33:23 PM MSK][legendary.nvim] setup() parsed and applied all configuration.
[Thu 19 Oct 2023 09:32:42 PM MSK][legendary.nvim] setup() parsed and applied all configuration.
[Thu 19 Oct 2023 09:30:48 PM MSK][legendary.nvim] setup() parsed and applied all configuration.
[Thu 19 Oct 2023 09:30:20 PM MSK][legendary.nvim] setup() parsed and applied all configuration.
[Thu 19 Oct 2023 09:30:06 PM MSK][legendary.nvim] setup() parsed and applied all configuration.
[Thu 19 Oct 2023 09:28:28 PM MSK][legendary.nvim] setup() parsed and applied all configuration.
[Thu 19 Oct 2023 09:25:37 PM MSK][legendary.nvim] setup() parsed and applied all configuration.
[Thu 19 Oct 2023 09:05:15 PM MSK][legendary.nvim] setup() parsed and applied all configuration.
[Thu 19 Oct 2023 08:57:29 PM MSK][legendary.nvim] setup() parsed and applied all configuration.
[Thu 19 Oct 2023 08:55:55 PM MSK][legendary.nvim] setup() parsed and applied all configuration.
[Thu 19 Oct 2023 08:55:28 PM MSK][legendary.nvim] setup() parsed and applied all configuration.
[Thu 19 Oct 2023 08:54:20 PM MSK][legendary.nvim] setup() parsed and applied all configuration.
[Thu 19 Oct 2023 08:53:14 PM MSK][legendary.nvim] setup() parsed and applied all configuration.
[Thu 19 Oct 2023 08:51:30 PM MSK][legendary.nvim] setup() parsed and applied all configuration.
[Thu 19 Oct 2023 08:48:03 PM MSK][legendary.nvim] setup() parsed and applied all configuration.
[Thu 19 Oct 2023 08:46:32 PM MSK][legendary.nvim] setup() parsed and applied all configuration.
[Thu 19 Oct 2023 08:44:30 PM MSK][legendary.nvim] setup() parsed and applied all configuration.
[Thu 19 Oct 2023 08:43:47 PM MSK][legendary.nvim] setup() parsed and applied all configuration.
[Thu 19 Oct 2023 08:41:59 PM MSK][legendary.nvim] setup() parsed and applied all configuration.
[Thu 19 Oct 2023 08:41:50 PM MSK][legendary.nvim] setup() parsed and applied all configuration.
[Thu 19 Oct 2023 08:40:51 PM MSK][legendary.nvim] setup() parsed and applied all configuration.
[Thu 19 Oct 2023 08:39:30 PM MSK][legendary.nvim] setup() parsed and applied all configuration.
[Thu 19 Oct 2023 08:39:18 PM MSK][legendary.nvim] setup() parsed and applied all configuration.
[Thu 19 Oct 2023 08:36:42 PM MSK][legendary.nvim] setup() parsed and applied all configuration.
[Thu 19 Oct 2023 08:33:35 PM MSK][legendary.nvim] setup() parsed and applied all configuration.
[Thu 19 Oct 2023 08:31:01 PM MSK][legendary.nvim] setup() parsed and applied all configuration.
[Thu 19 Oct 2023 08:29:40 PM MSK][legendary.nvim] setup() parsed and applied all configuration.
[Thu 19 Oct 2023 08:27:30 PM MSK][legendary.nvim] setup() parsed and applied all configuration.
[Thu 19 Oct 2023 08:27:21 PM MSK][legendary.nvim] setup() parsed and applied all configuration.
[Thu 19 Oct 2023 08:26:04 PM MSK][legendary.nvim] setup() parsed and applied all configuration.
[Thu 19 Oct 2023 08:24:46 PM MSK][legendary.nvim] setup() parsed and applied all configuration.
[Thu 19 Oct 2023 08:22:17 PM MSK][legendary.nvim] setup() parsed and applied all configuration.
[Thu 19 Oct 2023 08:20:31 PM MSK][legendary.nvim] setup() parsed and applied all configuration.
[Thu 19 Oct 2023 08:20:07 PM MSK][legendary.nvim] setup() parsed and applied all configuration.
[Thu 19 Oct 2023 08:18:52 PM MSK][legendary.nvim] setup() parsed and applied all configuration.
[Thu 19 Oct 2023 08:18:37 PM MSK][legendary.nvim] setup() parsed and applied all configuration.
[Thu 19 Oct 2023 08:18:06 PM MSK][legendary.nvim] setup() parsed and applied all configuration.
[Thu 19 Oct 2023 08:17:35 PM MSK][legendary.nvim] setup() parsed and applied all configuration.
[Thu 19 Oct 2023 08:17:11 PM MSK][legendary.nvim] setup() parsed and applied all configuration.
[Thu 19 Oct 2023 08:16:48 PM MSK][legendary.nvim] setup() parsed and applied all configuration.
[Thu 19 Oct 2023 08:16:13 PM MSK][legendary.nvim] setup() parsed and applied all configuration.
[Thu 19 Oct 2023 08:15:34 PM MSK][legendary.nvim] setup() parsed and applied all configuration.
[Thu 19 Oct 2023 08:14:17 PM MSK][legendary.nvim] setup() parsed and applied all configuration.
[Thu 19 Oct 2023 08:12:09 PM MSK][legendary.nvim] setup() parsed and applied all configuration.
[Thu 19 Oct 2023 08:12:02 PM MSK][legendary.nvim] setup() parsed and applied all configuration.
[Thu 19 Oct 2023 08:08:47 PM MSK][legendary.nvim] setup() parsed and applied all configuration.
[Thu 19 Oct 2023 08:08:10 PM MSK][legendary.nvim] setup() parsed and applied all configuration.
[Thu 19 Oct 2023 08:06:28 PM MSK][legendary.nvim] setup() parsed and applied all configuration.
[Thu 19 Oct 2023 08:04:51 PM MSK][legendary.nvim] setup() parsed and applied all configuration.
[Thu 19 Oct 2023 08:04:23 PM MSK][legendary.nvim] setup() parsed and applied all configuration.
[Thu 19 Oct 2023 08:04:13 PM MSK][legendary.nvim] setup() parsed and applied all configuration.
[Thu 19 Oct 2023 07:56:07 PM MSK][legendary.nvim] setup() parsed and applied all configuration.
[Thu 19 Oct 2023 07:49:14 PM MSK][legendary.nvim] setup() parsed and applied all configuration.
[Thu 19 Oct 2023 07:36:26 PM MSK][legendary.nvim] setup() parsed and applied all configuration.
[Thu 19 Oct 2023 07:34:56 PM MSK][legendary.nvim] setup() parsed and applied all configuration.
[Thu 19 Oct 2023 07:34:47 PM MSK][legendary.nvim] setup() parsed and applied all configuration.
[Thu 19 Oct 2023 07:33:01 PM MSK][legendary.nvim] setup() parsed and applied all configuration.
[Thu 19 Oct 2023 07:31:16 PM MSK][legendary.nvim] setup() parsed and applied all configuration.
[Thu 19 Oct 2023 07:31:00 PM MSK][legendary.nvim] setup() parsed and applied all configuration.
[Thu 19 Oct 2023 07:29:25 PM MSK][legendary.nvim] setup() parsed and applied all configuration.
[Thu 19 Oct 2023 07:28:46 PM MSK][legendary.nvim] setup() parsed and applied all configuration.
[Thu 19 Oct 2023 07:57:22 AM MSK][legendary.nvim] setup() parsed and applied all configuration.
[Thu 19 Oct 2023 07:56:57 AM MSK][legendary.nvim] setup() parsed and applied all configuration.
[Thu 19 Oct 2023 07:46:39 AM MSK][legendary.nvim] setup() parsed and applied all configuration.
[Thu 19 Oct 2023 07:45:32 AM MSK][legendary.nvim] setup() parsed and applied all configuration.
[Thu 19 Oct 2023 07:43:38 AM MSK][legendary.nvim] setup() parsed and applied all configuration.
[Thu 19 Oct 2023 07:43:03 AM MSK][legendary.nvim] setup() parsed and applied all configuration.
[Thu 19 Oct 2023 07:40:13 AM MSK][legendary.nvim] setup() parsed and applied all configuration.
[Thu 19 Oct 2023 07:37:21 AM MSK][legendary.nvim] setup() parsed and applied all configuration.
[Thu 19 Oct 2023 07:36:41 AM MSK][legendary.nvim] setup() parsed and applied all configuration.
[Thu 19 Oct 2023 07:33:09 AM MSK][legendary.nvim] setup() parsed and applied all configuration.
[Thu 19 Oct 2023 07:28:56 AM MSK][legendary.nvim] setup() parsed and applied all configuration.
[Thu 19 Oct 2023 07:27:05 AM MSK][legendary.nvim] setup() parsed and applied all configuration.
[Thu 19 Oct 2023 07:23:47 AM MSK][legendary.nvim] setup() parsed and applied all configuration.
[Thu 19 Oct 2023 07:23:00 AM MSK][legendary.nvim] setup() parsed and applied all configuration.
[Thu 19 Oct 2023 07:22:47 AM MSK][legendary.nvim] setup() parsed and applied all configuration.
[Thu 19 Oct 2023 07:22:38 AM MSK][legendary.nvim] setup() parsed and applied all configuration.
[Thu 19 Oct 2023 07:21:37 AM MSK][legendary.nvim] setup() parsed and applied all configuration.
[Thu 19 Oct 2023 07:15:36 AM MSK][legendary.nvim] setup() parsed and applied all configuration.
[Thu 19 Oct 2023 07:14:36 AM MSK][legendary.nvim] setup() parsed and applied all configuration.
[Thu 19 Oct 2023 07:13:38 AM MSK][legendary.nvim] setup() parsed and applied all configuration.
[Wed 18 Oct 2023 10:51:24 PM MSK][legendary.nvim] setup() parsed and applied all configuration.
[Wed 18 Oct 2023 10:51:12 PM MSK][legendary.nvim] setup() parsed and applied all configuration.
[Wed 18 Oct 2023 10:50:31 PM MSK][legendary.nvim] setup() parsed and applied all configuration.
[Wed 18 Oct 2023 10:45:21 PM MSK][legendary.nvim] setup() parsed and applied all configuration.
[Wed 18 Oct 2023 10:42:55 PM MSK][legendary.nvim] setup() parsed and applied all configuration.
[Wed 18 Oct 2023 10:42:00 PM MSK][legendary.nvim] setup() parsed and applied all configuration.
[Wed 18 Oct 2023 10:41:30 PM MSK][legendary.nvim] setup() parsed and applied all configuration.
[Wed 18 Oct 2023 10:41:11 PM MSK][legendary.nvim] setup() parsed and applied all configuration.
[Wed 18 Oct 2023 10:38:26 PM MSK][legendary.nvim] setup() parsed and applied all configuration.
[Wed 18 Oct 2023 10:38:02 PM MSK][legendary.nvim] setup() parsed and applied all configuration.
[Wed 18 Oct 2023 10:35:10 PM MSK][legendary.nvim] setup() parsed and applied all configuration.
[Wed 18 Oct 2023 10:34:45 PM MSK][legendary.nvim] setup() parsed and applied all configuration.
[Wed 18 Oct 2023 10:33:21 PM MSK][legendary.nvim] setup() parsed and applied all configuration.
[Wed 18 Oct 2023 10:31:04 PM MSK][legendary.nvim] setup() parsed and applied all configuration.
[Wed 18 Oct 2023 10:30:38 PM MSK][legendary.nvim] setup() parsed and applied all configuration.
[Wed 18 Oct 2023 10:30:11 PM MSK][legendary.nvim] setup() parsed and applied all configuration.
[Wed 18 Oct 2023 10:29:21 PM MSK][legendary.nvim] setup() parsed and applied all configuration.
[Wed 18 Oct 2023 10:29:13 PM MSK][legendary.nvim] setup() parsed and applied all configuration.
[Wed 18 Oct 2023 10:28:40 PM MSK][legendary.nvim] setup() parsed and applied all configuration.
[Wed 18 Oct 2023 10:26:41 PM MSK][legendary.nvim] setup() parsed and applied all configuration.
[Wed 18 Oct 2023 10:26:16 PM MSK][legendary.nvim] setup() parsed and applied all configuration.
[Wed 18 Oct 2023 10:25:10 PM MSK][legendary.nvim] setup() parsed and applied all configuration.
[Wed 18 Oct 2023 10:24:34 PM MSK][legendary.nvim] setup() parsed and applied all configuration.
[Wed 18 Oct 2023 10:23:33 PM MSK][legendary.nvim] setup() parsed and applied all configuration.
[Wed 18 Oct 2023 10:23:21 PM MSK][legendary.nvim] setup() parsed and applied all configuration.
[Wed 18 Oct 2023 10:21:45 PM MSK][legendary.nvim] setup() parsed and applied all configuration.
[Wed 18 Oct 2023 10:18:39 PM MSK][legendary.nvim] setup() parsed and applied all configuration.
[Wed 18 Oct 2023 10:18:09 PM MSK][legendary.nvim] setup() parsed and applied all configuration.
[Wed 18 Oct 2023 10:17:43 PM MSK][legendary.nvim] setup() parsed and applied all configuration.
[Wed 18 Oct 2023 10:17:13 PM MSK][legendary.nvim] setup() parsed and applied all configuration.
[Wed 18 Oct 2023 10:17:06 PM MSK][legendary.nvim] setup() parsed and applied all configuration.
[Wed 18 Oct 2023 10:16:09 PM MSK][legendary.nvim] setup() parsed and applied all configuration.
[Wed 18 Oct 2023 10:15:48 PM MSK][legendary.nvim] setup() parsed and applied all configuration.
[Wed 18 Oct 2023 10:14:12 PM MSK][legendary.nvim] setup() parsed and applied all configuration.
[Wed 18 Oct 2023 10:13:48 PM MSK][legendary.nvim] setup() parsed and applied all configuration.
[Wed 18 Oct 2023 10:13:20 PM MSK][legendary.nvim] setup() parsed and applied all configuration.
[Wed 18 Oct 2023 10:11:51 PM MSK][legendary.nvim] setup() parsed and applied all configuration.
[Wed 18 Oct 2023 10:09:31 PM MSK][legendary.nvim] setup() parsed and applied all configuration.
[Wed 18 Oct 2023 10:08:32 PM MSK][legendary.nvim] setup() parsed and applied all configuration.
[Wed 18 Oct 2023 10:07:51 PM MSK][legendary.nvim] setup() parsed and applied all configuration.
[Wed 18 Oct 2023 10:06:47 PM MSK][legendary.nvim] setup() parsed and applied all configuration.
[Wed 18 Oct 2023 10:06:41 PM MSK][legendary.nvim] setup() parsed and applied all configuration.
[Wed 18 Oct 2023 10:05:43 PM MSK][legendary.nvim] setup() parsed and applied all configuration.
[Wed 18 Oct 2023 10:05:36 PM MSK][legendary.nvim] setup() parsed and applied all configuration.
[Wed 18 Oct 2023 10:04:23 PM MSK][legendary.nvim] setup() parsed and applied all configuration.
[Wed 18 Oct 2023 10:03:54 PM MSK][legendary.nvim] setup() parsed and applied all configuration.
[Wed 18 Oct 2023 10:02:35 PM MSK][legendary.nvim] setup() parsed and applied all configuration.
[Wed 18 Oct 2023 10:00:02 PM MSK][legendary.nvim] setup() parsed and applied all configuration.
[Wed 18 Oct 2023 09:59:49 PM MSK][legendary.nvim] setup() parsed and applied all configuration.
[Wed 18 Oct 2023 09:58:11 PM MSK][legendary.nvim] setup() parsed and applied all configuration.
[Wed 18 Oct 2023 09:57:26 PM MSK][legendary.nvim] setup() parsed and applied all configuration.
[Wed 18 Oct 2023 09:56:33 PM MSK][legendary.nvim] Took 1.346892 ms to filter items in context.
[Wed 18 Oct 2023 09:56:33 PM MSK][legendary.nvim] Computed item scores: {
  ["'Metals menu'"] = 30
}
[Wed 18 Oct 2023 09:56:33 PM MSK][legendary.nvim] Performing SQL transaction with following data: {
  params = {},
  query = {
    cmd = 4,
    cmd_data = "SELECT id, item_id, CAST((julianday('now') - julianday(timestamp)) * 24 * 60 AS INTEGER) AS age FROM timestamps;"
  }
}
[Wed 18 Oct 2023 09:56:33 PM MSK][legendary.nvim] Performing SQL transaction with following data: {
  params = {},
  query = {
    cmd = 1,
    cmd_data = "item_count"
  }
}
[Wed 18 Oct 2023 09:56:33 PM MSK][legendary.nvim] Frecency database initialized.
[Wed 18 Oct 2023 09:56:33 PM MSK][legendary.nvim] Initializing frecency database...
[Wed 18 Oct 2023 09:56:33 PM MSK][legendary.nvim] Launching select UI
[Wed 18 Oct 2023 09:56:33 PM MSK][legendary.nvim] setup() parsed and applied all configuration.
[Wed 18 Oct 2023 09:55:12 PM MSK][legendary.nvim] setup() parsed and applied all configuration.
[Wed 18 Oct 2023 09:53:34 PM MSK][legendary.nvim] setup() parsed and applied all configuration.
[Wed 18 Oct 2023 09:53:00 PM MSK][legendary.nvim] setup() parsed and applied all configuration.
[Wed 18 Oct 2023 09:50:46 PM MSK][legendary.nvim] setup() parsed and applied all configuration.
[Wed 18 Oct 2023 09:48:03 PM MSK][legendary.nvim] Performing SQL transaction with following data: {
  params = {
    where = {
      item_id = "'Metals menu'"
    }
  },
  query = {
    cmd = 1,
    cmd_data = "timestamps"
  }
}
[Wed 18 Oct 2023 09:48:03 PM MSK][legendary.nvim] Performing SQL transaction with following data: {
  params = {
    item_id = "'Metals menu'"
  },
  query = {
    cmd = 4,
    cmd_data = "INSERT INTO timestamps (item_id, timestamp) values(:item_id, julianday('now'));"
  }
}
[Wed 18 Oct 2023 09:48:03 PM MSK][legendary.nvim] Performing SQL transaction with following data: {
  params = {
    where = {
      item_id = "'Metals menu'"
    }
  },
  query = {
    cmd = 1,
    cmd_data = "item_count"
  }
}
[Wed 18 Oct 2023 09:48:03 PM MSK][legendary.nvim] Updating item with ID "'Metals menu'"
[Wed 18 Oct 2023 09:48:03 PM MSK][legendary.nvim] Updating scoring data for selected item.
[Wed 18 Oct 2023 09:48:03 PM MSK][legendary.nvim] Preparing to execute selected item
[Wed 18 Oct 2023 09:48:00 PM MSK][legendary.nvim] Took 1.363027 ms to filter items in context.
[Wed 18 Oct 2023 09:48:00 PM MSK][legendary.nvim] Computed item scores: {
  ["'Metals menu'"] = 20
}
[Wed 18 Oct 2023 09:48:00 PM MSK][legendary.nvim] Performing SQL transaction with following data: {
  params = {},
  query = {
    cmd = 4,
    cmd_data = "SELECT id, item_id, CAST((julianday('now') - julianday(timestamp)) * 24 * 60 AS INTEGER) AS age FROM timestamps;"
  }
}
[Wed 18 Oct 2023 09:48:00 PM MSK][legendary.nvim] Performing SQL transaction with following data: {
  params = {},
  query = {
    cmd = 1,
    cmd_data = "item_count"
  }
}
[Wed 18 Oct 2023 09:48:00 PM MSK][legendary.nvim] Frecency database initialized.
[Wed 18 Oct 2023 09:48:00 PM MSK][legendary.nvim] Initializing frecency database...
[Wed 18 Oct 2023 09:48:00 PM MSK][legendary.nvim] Launching select UI
[Wed 18 Oct 2023 09:47:56 PM MSK][legendary.nvim] setup() parsed and applied all configuration.
[Wed 18 Oct 2023 09:47:35 PM MSK][legendary.nvim] setup() parsed and applied all configuration.
[Wed 18 Oct 2023 09:47:29 PM MSK][legendary.nvim] setup() parsed and applied all configuration.
[Wed 18 Oct 2023 09:16:05 PM MSK][legendary.nvim] Performing SQL transaction with following data: {
  params = {
    where = {
      item_id = "'Metals menu'"
    }
  },
  query = {
    cmd = 1,
    cmd_data = "timestamps"
  }
}
[Wed 18 Oct 2023 09:16:05 PM MSK][legendary.nvim] Performing SQL transaction with following data: {
  params = {
    item_id = "'Metals menu'"
  },
  query = {
    cmd = 4,
    cmd_data = "INSERT INTO timestamps (item_id, timestamp) values(:item_id, julianday('now'));"
  }
}
[Wed 18 Oct 2023 09:16:05 PM MSK][legendary.nvim] Performing SQL transaction with following data: {
  params = {
    where = {
      item_id = "'Metals menu'"
    }
  },
  query = {
    cmd = 1,
    cmd_data = "item_count"
  }
}
[Wed 18 Oct 2023 09:16:05 PM MSK][legendary.nvim] Updating item with ID "'Metals menu'"
[Wed 18 Oct 2023 09:16:05 PM MSK][legendary.nvim] Updating scoring data for selected item.
[Wed 18 Oct 2023 09:16:05 PM MSK][legendary.nvim] Preparing to execute selected item
[Wed 18 Oct 2023 09:16:01 PM MSK][legendary.nvim] Took 2.203742 ms to filter items in context.
[Wed 18 Oct 2023 09:16:01 PM MSK][legendary.nvim] Computed item scores: {
  ["'Metals menu'"] = 10
}
[Wed 18 Oct 2023 09:16:01 PM MSK][legendary.nvim] Performing SQL transaction with following data: {
  params = {},
  query = {
    cmd = 4,
    cmd_data = "SELECT id, item_id, CAST((julianday('now') - julianday(timestamp)) * 24 * 60 AS INTEGER) AS age FROM timestamps;"
  }
}
[Wed 18 Oct 2023 09:16:01 PM MSK][legendary.nvim] Performing SQL transaction with following data: {
  params = {},
  query = {
    cmd = 1,
    cmd_data = "item_count"
  }
}
[Wed 18 Oct 2023 09:16:01 PM MSK][legendary.nvim] Frecency database initialized.
[Wed 18 Oct 2023 09:16:01 PM MSK][legendary.nvim] Initializing frecency database...
[Wed 18 Oct 2023 09:16:01 PM MSK][legendary.nvim] Launching select UI
[Wed 18 Oct 2023 09:16:01 PM MSK][legendary.nvim] setup() parsed and applied all configuration.
[Wed 18 Oct 2023 09:11:29 PM MSK][legendary.nvim] Performing SQL transaction with following data: {
  params = {
    where = {
      item_id = "'Metals menu'"
    }
  },
  query = {
    cmd = 1,
    cmd_data = "timestamps"
  }
}
[Wed 18 Oct 2023 09:11:29 PM MSK][legendary.nvim] Performing SQL transaction with following data: {
  params = {
    item_id = "'Metals menu'"
  },
  query = {
    cmd = 4,
    cmd_data = "INSERT INTO timestamps (item_id, timestamp) values(:item_id, julianday('now'));"
  }
}
[Wed 18 Oct 2023 09:11:29 PM MSK][legendary.nvim] Performing SQL transaction with following data: {
  params = {
    count = 1,
    item_id = "'Metals menu'"
  },
  query = {
    cmd = 2,
    cmd_data = "item_count"
  }
}
[Wed 18 Oct 2023 09:11:29 PM MSK][legendary.nvim] Performing SQL transaction with following data: {
  params = {
    where = {
      item_id = "'Metals menu'"
    }
  },
  query = {
    cmd = 1,
    cmd_data = "item_count"
  }
}
[Wed 18 Oct 2023 09:11:29 PM MSK][legendary.nvim] Updating item with ID "'Metals menu'"
[Wed 18 Oct 2023 09:11:29 PM MSK][legendary.nvim] Updating scoring data for selected item.
[Wed 18 Oct 2023 09:11:29 PM MSK][legendary.nvim] Preparing to execute selected item
[Wed 18 Oct 2023 09:11:23 PM MSK][legendary.nvim] Took 1.877656 ms to filter items in context.
[Wed 18 Oct 2023 09:11:23 PM MSK][legendary.nvim] Computed item scores: {}
[Wed 18 Oct 2023 09:11:23 PM MSK][legendary.nvim] Performing SQL transaction with following data: {
  params = {},
  query = {
    cmd = 4,
    cmd_data = "SELECT id, item_id, CAST((julianday('now') - julianday(timestamp)) * 24 * 60 AS INTEGER) AS age FROM timestamps;"
  }
}
[Wed 18 Oct 2023 09:11:23 PM MSK][legendary.nvim] Performing SQL transaction with following data: {
  params = {},
  query = {
    cmd = 1,
    cmd_data = "item_count"
  }
}
[Wed 18 Oct 2023 09:11:23 PM MSK][legendary.nvim] Frecency database initialized.
[Wed 18 Oct 2023 09:11:23 PM MSK][legendary.nvim] Initializing frecency database...
[Wed 18 Oct 2023 09:11:23 PM MSK][legendary.nvim] Launching select UI
[Wed 18 Oct 2023 09:11:23 PM MSK][legendary.nvim] setup() parsed and applied all configuration.
[Wed 18 Oct 2023 08:26:06 PM MSK][legendary.nvim] Took 1.456429 ms to filter items in context.
[Wed 18 Oct 2023 08:26:06 PM MSK][legendary.nvim] Computed item scores: {}
[Wed 18 Oct 2023 08:26:06 PM MSK][legendary.nvim] Performing SQL transaction with following data: {
  params = {},
  query = {
    cmd = 4,
    cmd_data = "SELECT id, item_id, CAST((julianday('now') - julianday(timestamp)) * 24 * 60 AS INTEGER) AS age FROM timestamps;"
  }
}
[Wed 18 Oct 2023 08:26:06 PM MSK][legendary.nvim] Performing SQL transaction with following data: {
  params = {},
  query = {
    cmd = 1,
    cmd_data = "item_count"
  }
}
[Wed 18 Oct 2023 08:26:06 PM MSK][legendary.nvim] Frecency database initialized.
[Wed 18 Oct 2023 08:26:06 PM MSK][legendary.nvim] Initializing frecency database...
[Wed 18 Oct 2023 08:26:06 PM MSK][legendary.nvim] Launching select UI
[Wed 18 Oct 2023 08:26:06 PM MSK][legendary.nvim] setup() parsed and applied all configuration.
[Wed 18 Oct 2023 08:19:36 PM MSK][legendary.nvim] Took 1.629188 ms to filter items in context.
[Wed 18 Oct 2023 08:19:36 PM MSK][legendary.nvim] Computed item scores: {}
[Wed 18 Oct 2023 08:19:36 PM MSK][legendary.nvim] Performing SQL transaction with following data: {
  params = {},
  query = {
    cmd = 4,
    cmd_data = "SELECT id, item_id, CAST((julianday('now') - julianday(timestamp)) * 24 * 60 AS INTEGER) AS age FROM timestamps;"
  }
}
[Wed 18 Oct 2023 08:19:36 PM MSK][legendary.nvim] Performing SQL transaction with following data: {
  params = {},
  query = {
    cmd = 1,
    cmd_data = "item_count"
  }
}
[Wed 18 Oct 2023 08:19:36 PM MSK][legendary.nvim] Frecency database initialized.
[Wed 18 Oct 2023 08:19:36 PM MSK][legendary.nvim] Initializing frecency database...
[Wed 18 Oct 2023 08:19:36 PM MSK][legendary.nvim] Launching select UI
[Wed 18 Oct 2023 08:19:36 PM MSK][legendary.nvim] setup() parsed and applied all configuration.
[Wed 18 Oct 2023 08:19:09 PM MSK][legendary.nvim] setup() parsed and applied all configuration.
[Wed 18 Oct 2023 08:18:20 PM MSK][legendary.nvim] setup() parsed and applied all configuration.
[Wed 18 Oct 2023 08:10:11 PM MSK][legendary.nvim] Took 1.76341 ms to filter items in context.
[Wed 18 Oct 2023 08:10:11 PM MSK][legendary.nvim] Computed item scores: {}
[Wed 18 Oct 2023 08:10:11 PM MSK][legendary.nvim] Performing SQL transaction with following data: {
  params = {},
  query = {
    cmd = 4,
    cmd_data = "SELECT id, item_id, CAST((julianday('now') - julianday(timestamp)) * 24 * 60 AS INTEGER) AS age FROM timestamps;"
  }
}
[Wed 18 Oct 2023 08:10:11 PM MSK][legendary.nvim] Performing SQL transaction with following data: {
  params = {},
  query = {
    cmd = 1,
    cmd_data = "item_count"
  }
}
[Wed 18 Oct 2023 08:10:11 PM MSK][legendary.nvim] Frecency database initialized.
[Wed 18 Oct 2023 08:10:11 PM MSK][legendary.nvim] Initializing frecency database...
[Wed 18 Oct 2023 08:10:11 PM MSK][legendary.nvim] Launching select UI
[Wed 18 Oct 2023 08:10:11 PM MSK][legendary.nvim] setup() parsed and applied all configuration.
[Wed 18 Oct 2023 08:02:17 PM MSK][legendary.nvim] Took 1.883447 ms to filter items in context.
[Wed 18 Oct 2023 08:02:17 PM MSK][legendary.nvim] Computed item scores: {}
[Wed 18 Oct 2023 08:02:17 PM MSK][legendary.nvim] Performing SQL transaction with following data: {
  params = {},
  query = {
    cmd = 4,
    cmd_data = "SELECT id, item_id, CAST((julianday('now') - julianday(timestamp)) * 24 * 60 AS INTEGER) AS age FROM timestamps;"
  }
}
[Wed 18 Oct 2023 08:02:17 PM MSK][legendary.nvim] Performing SQL transaction with following data: {
  params = {},
  query = {
    cmd = 1,
    cmd_data = "item_count"
  }
}
[Wed 18 Oct 2023 08:02:17 PM MSK][legendary.nvim] Launching select UI
[Wed 18 Oct 2023 08:00:39 PM MSK][legendary.nvim] Took 1.112175 ms to filter items in context.
[Wed 18 Oct 2023 08:00:39 PM MSK][legendary.nvim] Computed item scores: {}
[Wed 18 Oct 2023 08:00:39 PM MSK][legendary.nvim] Performing SQL transaction with following data: {
  params = {},
  query = {
    cmd = 4,
    cmd_data = "SELECT id, item_id, CAST((julianday('now') - julianday(timestamp)) * 24 * 60 AS INTEGER) AS age FROM timestamps;"
  }
}
[Wed 18 Oct 2023 08:00:39 PM MSK][legendary.nvim] Performing SQL transaction with following data: {
  params = {},
  query = {
    cmd = 1,
    cmd_data = "item_count"
  }
}
[Wed 18 Oct 2023 08:00:39 PM MSK][legendary.nvim] Frecency database initialized.
[Wed 18 Oct 2023 08:00:39 PM MSK][legendary.nvim] Initializing frecency database...
[Wed 18 Oct 2023 08:00:39 PM MSK][legendary.nvim] Launching select UI
[Wed 18 Oct 2023 08:00:39 PM MSK][legendary.nvim] setup() parsed and applied all configuration.
[Wed 18 Oct 2023 07:57:53 PM MSK][legendary.nvim] Took 1.052003 ms to filter items in context.
[Wed 18 Oct 2023 07:57:53 PM MSK][legendary.nvim] Computed item scores: {}
[Wed 18 Oct 2023 07:57:53 PM MSK][legendary.nvim] Performing SQL transaction with following data: {
  params = {},
  query = {
    cmd = 4,
    cmd_data = "SELECT id, item_id, CAST((julianday('now') - julianday(timestamp)) * 24 * 60 AS INTEGER) AS age FROM timestamps;"
  }
}
[Wed 18 Oct 2023 07:57:53 PM MSK][legendary.nvim] Performing SQL transaction with following data: {
  params = {},
  query = {
    cmd = 1,
    cmd_data = "item_count"
  }
}
[Wed 18 Oct 2023 07:57:53 PM MSK][legendary.nvim] Frecency database initialized.
[Wed 18 Oct 2023 07:57:53 PM MSK][legendary.nvim] Initializing frecency database...
[Wed 18 Oct 2023 07:57:53 PM MSK][legendary.nvim] Launching select UI
[Wed 18 Oct 2023 07:57:53 PM MSK][legendary.nvim] setup() parsed and applied all configuration.
[Wed 18 Oct 2023 07:43:48 PM MSK][legendary.nvim] Took 1.372321 ms to filter items in context.
[Wed 18 Oct 2023 07:43:48 PM MSK][legendary.nvim] Computed item scores: {}
[Wed 18 Oct 2023 07:43:48 PM MSK][legendary.nvim] Performing SQL transaction with following data: {
  params = {},
  query = {
    cmd = 4,
    cmd_data = "SELECT id, item_id, CAST((julianday('now') - julianday(timestamp)) * 24 * 60 AS INTEGER) AS age FROM timestamps;"
  }
}
[Wed 18 Oct 2023 07:43:48 PM MSK][legendary.nvim] Performing SQL transaction with following data: {
  params = {},
  query = {
    cmd = 1,
    cmd_data = "item_count"
  }
}
[Wed 18 Oct 2023 07:43:48 PM MSK][legendary.nvim] Frecency database initialized.
[Wed 18 Oct 2023 07:43:48 PM MSK][legendary.nvim] Initializing frecency database...
[Wed 18 Oct 2023 07:43:48 PM MSK][legendary.nvim] Launching select UI
[Wed 18 Oct 2023 07:43:40 PM MSK][legendary.nvim] setup() parsed and applied all configuration.
[Wed 18 Oct 2023 07:42:08 PM MSK][legendary.nvim] Took 1.093875 ms to filter items in context.
[Wed 18 Oct 2023 07:42:08 PM MSK][legendary.nvim] Computed item scores: {}
[Wed 18 Oct 2023 07:42:08 PM MSK][legendary.nvim] Performing SQL transaction with following data: {
  params = {},
  query = {
    cmd = 4,
    cmd_data = "SELECT id, item_id, CAST((julianday('now') - julianday(timestamp)) * 24 * 60 AS INTEGER) AS age FROM timestamps;"
  }
}
[Wed 18 Oct 2023 07:42:08 PM MSK][legendary.nvim] Performing SQL transaction with following data: {
  params = {},
  query = {
    cmd = 1,
    cmd_data = "item_count"
  }
}
[Wed 18 Oct 2023 07:42:08 PM MSK][legendary.nvim] Frecency database initialized.
[Wed 18 Oct 2023 07:42:08 PM MSK][legendary.nvim] Initializing frecency database...
[Wed 18 Oct 2023 07:42:08 PM MSK][legendary.nvim] Launching select UI
[Wed 18 Oct 2023 07:41:57 PM MSK][legendary.nvim] setup() parsed and applied all configuration.
[Wed 18 Oct 2023 07:40:59 PM MSK][legendary.nvim] Took 1.108301 ms to filter items in context.
[Wed 18 Oct 2023 07:40:59 PM MSK][legendary.nvim] Computed item scores: {}
[Wed 18 Oct 2023 07:40:59 PM MSK][legendary.nvim] Performing SQL transaction with following data: {
  params = {},
  query = {
    cmd = 4,
    cmd_data = "SELECT id, item_id, CAST((julianday('now') - julianday(timestamp)) * 24 * 60 AS INTEGER) AS age FROM timestamps;"
  }
}
[Wed 18 Oct 2023 07:40:59 PM MSK][legendary.nvim] Performing SQL transaction with following data: {
  params = {},
  query = {
    cmd = 1,
    cmd_data = "item_count"
  }
}
[Wed 18 Oct 2023 07:40:59 PM MSK][legendary.nvim] Frecency database initialized.
[Wed 18 Oct 2023 07:40:59 PM MSK][legendary.nvim] Initializing frecency database...
[Wed 18 Oct 2023 07:40:59 PM MSK][legendary.nvim] Launching select UI
[Wed 18 Oct 2023 07:40:13 PM MSK][legendary.nvim] Took 1.167266 ms to filter items in context.
[Wed 18 Oct 2023 07:40:13 PM MSK][legendary.nvim] Computed item scores: {}
[Wed 18 Oct 2023 07:40:13 PM MSK][legendary.nvim] Performing SQL transaction with following data: {
  params = {},
  query = {
    cmd = 4,
    cmd_data = "SELECT id, item_id, CAST((julianday('now') - julianday(timestamp)) * 24 * 60 AS INTEGER) AS age FROM timestamps;"
  }
}
[Wed 18 Oct 2023 07:40:13 PM MSK][legendary.nvim] Performing SQL transaction with following data: {
  params = {},
  query = {
    cmd = 1,
    cmd_data = "item_count"
  }
}
[Wed 18 Oct 2023 07:40:13 PM MSK][legendary.nvim] Frecency database initialized.
[Wed 18 Oct 2023 07:40:13 PM MSK][legendary.nvim] Initializing frecency database...
[Wed 18 Oct 2023 07:40:13 PM MSK][legendary.nvim] Launching select UI
[Wed 18 Oct 2023 07:36:35 PM MSK][legendary.nvim] Took 5.589736 ms to filter items in context.
[Wed 18 Oct 2023 07:36:35 PM MSK][legendary.nvim] Computed item scores: {}
[Wed 18 Oct 2023 07:36:35 PM MSK][legendary.nvim] Performing SQL transaction with following data: {
  params = {},
  query = {
    cmd = 4,
    cmd_data = "SELECT id, item_id, CAST((julianday('now') - julianday(timestamp)) * 24 * 60 AS INTEGER) AS age FROM timestamps;"
  }
}
[Wed 18 Oct 2023 07:36:35 PM MSK][legendary.nvim] Performing SQL transaction with following data: {
  params = {},
  query = {
    cmd = 1,
    cmd_data = "item_count"
  }
}
[Wed 18 Oct 2023 07:36:35 PM MSK][legendary.nvim] Frecency database initialized.
[Wed 18 Oct 2023 07:36:35 PM MSK][legendary.nvim] Initializing frecency database...
[Wed 18 Oct 2023 07:36:35 PM MSK][legendary.nvim] Launching select UI
[Wed 18 Oct 2023 07:31:08 PM MSK][legendary.nvim] Took 5.49948 ms to filter items in context.
[Wed 18 Oct 2023 07:31:08 PM MSK][legendary.nvim] Computed item scores: {}
[Wed 18 Oct 2023 07:31:08 PM MSK][legendary.nvim] Performing SQL transaction with following data: {
  params = {},
  query = {
    cmd = 4,
    cmd_data = "SELECT id, item_id, CAST((julianday('now') - julianday(timestamp)) * 24 * 60 AS INTEGER) AS age FROM timestamps;"
  }
}
[Wed 18 Oct 2023 07:31:08 PM MSK][legendary.nvim] Performing SQL transaction with following data: {
  params = {},
  query = {
    cmd = 1,
    cmd_data = "item_count"
  }
}
[Wed 18 Oct 2023 07:31:08 PM MSK][legendary.nvim] Frecency database initialized.
[Wed 18 Oct 2023 07:31:08 PM MSK][legendary.nvim] Initializing frecency database...
[Wed 18 Oct 2023 07:31:08 PM MSK][legendary.nvim] Launching select UI